{"level":"fatal","message":"This is a fatal log","timestamp":"2024-07-09T21:13:34.022Z"}
{"level":"fatal","message":"This is a fatal log","timestamp":"2024-07-09T21:14:28.822Z"}
{"level":"error","message":"This is an error log","timestamp":"2024-07-09T21:14:28.822Z"}
{"level":"warning","message":"This is a warning log","timestamp":"2024-07-09T21:14:28.823Z"}
{"level":"fatal","message":"This is a fatal log","timestamp":"2024-07-09T21:16:09.620Z"}
{"level":"fatal","message":"This is a fatal log","timestamp":"2024-07-09T21:39:35.136Z"}
{"level":"fatal","message":"This is a fatal log","timestamp":"2024-07-09T21:47:47.058Z"}
{"level":"fatal","message":"This is a fatal log","timestamp":"2024-07-09T21:53:08.299Z"}
{"level":"fatal","message":"This is a fatal log","timestamp":"2024-07-09T21:58:54.288Z"}
{"level":"fatal","message":"This is a fatal log","timestamp":"2024-07-09T21:59:16.946Z"}
{"level":"fatal","message":"This is a fatal log","timestamp":"2024-07-09T22:01:16.987Z"}
{"level":"fatal","message":"This is a fatal log","timestamp":"2024-07-09T22:01:58.446Z"}
{"level":"fatal","message":"This is a fatal log","timestamp":"2024-07-09T22:02:25.470Z"}
{"level":"fatal","message":"This is a fatal log","timestamp":"2024-07-09T22:03:16.679Z"}
{"level":"fatal","message":"This is a fatal log","timestamp":"2024-07-09T22:07:03.368Z"}
{"level":"fatal","message":"This is a fatal log","timestamp":"2024-07-09T22:09:46.780Z"}
{"level":"error","message":"This is an error log","timestamp":"2024-07-09T22:09:46.781Z"}
{"level":"warning","message":"This is a warning log","timestamp":"2024-07-09T22:09:46.782Z"}
{"level":"fatal","message":"This is a fatal log","timestamp":"2024-07-09T22:11:17.411Z"}
{"level":"error","message":"This is an error log","timestamp":"2024-07-09T22:11:17.412Z"}
{"level":"warning","message":"This is a warning log","timestamp":"2024-07-09T22:11:17.412Z"}
{"level":"fatal","message":"This is a fatal log","timestamp":"2024-07-09T22:12:49.525Z"}
{"level":"error","message":"This is an error log","timestamp":"2024-07-09T22:12:49.528Z"}
{"level":"warning","message":"This is a warning log","timestamp":"2024-07-09T22:12:49.528Z"}
{"level":"fatal","message":"This is a fatal log","timestamp":"2024-07-09T22:13:12.467Z"}
{"level":"error","message":"This is an error log","timestamp":"2024-07-09T22:13:12.468Z"}
{"level":"warning","message":"This is a warning log","timestamp":"2024-07-09T22:13:12.468Z"}
{"level":"info","message":"Running server on port: 8080","timestamp":"2024-07-09T22:28:09.308Z"}
{"level":"info","message":"connected to ecommerce database","timestamp":"2024-07-09T22:28:10.077Z"}
{"level":"fatal","message":"This is a fatal log","timestamp":"2024-07-09T22:28:13.682Z"}
{"level":"error","message":"This is an error log","timestamp":"2024-07-09T22:28:13.682Z"}
{"level":"warning","message":"This is a warning log","timestamp":"2024-07-09T22:28:13.683Z"}
{"level":"info","message":"This is an info log","timestamp":"2024-07-09T22:28:13.683Z"}
{"level":"fatal","message":"This is a fatal log","timestamp":"2024-07-09T22:33:50.102Z"}
{"level":"error","message":"This is an error log","timestamp":"2024-07-09T22:33:50.102Z"}
{"level":"warning","message":"This is a warning log","timestamp":"2024-07-09T22:33:50.103Z"}
{"level":"info","message":"This is an info log","timestamp":"2024-07-09T22:33:50.103Z"}
{"level":"info","message":"Running server on port: 8080","timestamp":"2024-07-09T22:35:58.040Z"}
{"level":"info","message":"connected to ecommerce database","timestamp":"2024-07-09T22:35:58.795Z"}
{"level":"fatal","message":"This is a fatal log","timestamp":"2024-07-09T22:36:01.164Z"}
{"level":"error","message":"This is an error log","timestamp":"2024-07-09T22:36:01.165Z"}
{"level":"warning","message":"This is a warning log","timestamp":"2024-07-09T22:36:01.165Z"}
{"level":"info","message":"This is an info log","timestamp":"2024-07-09T22:36:01.166Z"}
{"level":"info","message":"Running server on port: 8080","timestamp":"2024-07-09T22:36:19.972Z"}
{"level":"info","message":"connected to ecommerce database","timestamp":"2024-07-09T22:36:20.643Z"}
{"level":"info","message":"Running server on port: 8080","timestamp":"2024-07-11T22:33:29.753Z"}
{"level":"info","message":"connected to ecommerce database","timestamp":"2024-07-11T22:33:30.734Z"}
{"level":"info","message":"Running server on port: 8080","timestamp":"2024-07-13T17:03:11.558Z"}
{"level":"info","message":"connected to ecommerce database","timestamp":"2024-07-13T17:03:12.236Z"}
{"level":"info","message":"Running server on port: 8080","timestamp":"2024-07-13T17:25:16.343Z"}
{"level":"info","message":"connected to ecommerce database","timestamp":"2024-07-13T17:25:17.198Z"}
{"level":"info","message":"Running server on port: 8080","timestamp":"2024-07-13T17:25:43.076Z"}
{"level":"info","message":"connected to ecommerce database","timestamp":"2024-07-13T17:25:43.660Z"}
{"level":"info","message":"Running server on port: 8080","timestamp":"2024-07-13T17:29:40.679Z"}
{"level":"info","message":"connected to ecommerce database","timestamp":"2024-07-13T17:29:41.540Z"}
{"level":"info","message":"Running server on port: 8080","timestamp":"2024-07-13T17:39:34.555Z"}
{"level":"info","message":"connected to ecommerce database","timestamp":"2024-07-13T17:39:35.240Z"}
{"level":"info","message":"Running server on port: 8080","timestamp":"2024-07-13T17:42:55.157Z"}
{"level":"info","message":"connected to ecommerce database","timestamp":"2024-07-13T17:42:56.206Z"}
{"level":"info","message":"Running server on port: 8080","timestamp":"2024-07-13T17:45:06.083Z"}
{"level":"info","message":"connected to ecommerce database","timestamp":"2024-07-13T17:45:07.437Z"}
{"level":"info","message":"Running server on port: 8080","timestamp":"2024-07-13T17:48:23.066Z"}
{"level":"info","message":"connected to ecommerce database","timestamp":"2024-07-13T17:48:23.713Z"}
{"level":"info","message":"Running server on port: 8080","timestamp":"2024-07-13T17:53:34.595Z"}
{"level":"info","message":"connected to ecommerce database","timestamp":"2024-07-13T17:53:35.270Z"}
{"level":"info","message":"Running server on port: 8080","timestamp":"2024-07-13T18:16:14.467Z"}
{"level":"info","message":"connected to ecommerce database","timestamp":"2024-07-13T18:16:15.327Z"}
{"level":"info","message":"Running server on port: 8080","timestamp":"2024-07-13T18:19:06.205Z"}
{"level":"info","message":"connected to ecommerce database","timestamp":"2024-07-13T18:19:06.880Z"}
{"level":"info","message":"Running server on port: 8080","timestamp":"2024-07-13T18:21:28.890Z"}
{"level":"info","message":"connected to ecommerce database","timestamp":"2024-07-13T18:21:29.586Z"}
{"level":"info","message":"Running server on port: 8080","timestamp":"2024-07-13T18:23:12.885Z"}
{"level":"info","message":"connected to ecommerce database","timestamp":"2024-07-13T18:23:13.567Z"}
{"level":"info","message":"Running server on port: 8080","timestamp":"2024-07-13T18:23:44.444Z"}
{"level":"info","message":"connected to ecommerce database","timestamp":"2024-07-13T18:23:45.076Z"}
{"level":"info","message":"Running server on port: 8080","timestamp":"2024-07-13T18:26:02.388Z"}
{"level":"info","message":"connected to ecommerce database","timestamp":"2024-07-13T18:26:03.089Z"}
{"level":"info","message":"Running server on port: 8080","timestamp":"2024-07-13T18:26:24.455Z"}
{"level":"info","message":"connected to ecommerce database","timestamp":"2024-07-13T18:26:25.046Z"}
{"level":"info","message":"Running server on port: 8080","timestamp":"2024-07-13T18:26:30.505Z"}
{"level":"info","message":"connected to ecommerce database","timestamp":"2024-07-13T18:26:31.086Z"}
